Android Developer Java Projects/DrinksOrderApp/app/build/intermediates/manifest_merge_blame_file/debug/manifest-merger-blame-debug-report.txt
1<?xml version="1.0" encoding="utf-8"?>
2<manifest xmlns:android="http://schemas.android.com/apk/res/android"
3    package="com.example.drinksorderapp"
4    android:versionCode="1"
5    android:versionName="1.0" >
6
7    <uses-sdk
8        android:minSdkVersion="28"
8-->src\main\AndroidManifest.xml
9        android:targetSdkVersion="32" />
9-->src\main\AndroidManifest.xml
10
11    <uses-permission android:name="android.permission.READ_EXTERNAL_STORAGE" />
11-->src\main\AndroidManifest.xml:5:5-80
11-->src\main\AndroidManifest.xml:5:22-77
12    <uses-permission android:name="android.permission.WRITE_EXTERNAL_STORAGE" />
12-->src\main\AndroidManifest.xml:6:5-81
12-->src\main\AndroidManifest.xml:6:22-78
13
14    <!-- Include required permissions for Google Maps API to run. -->
15    <uses-permission android:name="android.permission.ACCESS_NETWORK_STATE" />
15-->[com.google.android.gms:play-services-maps:17.0.1] AndroidManifest.xml:23:5-79
15-->[com.google.android.gms:play-services-maps:17.0.1] AndroidManifest.xml:23:22-76
16    <uses-permission android:name="android.permission.INTERNET" />
16-->[com.google.android.gms:play-services-maps:17.0.1] AndroidManifest.xml:24:5-67
16-->[com.google.android.gms:play-services-maps:17.0.1] AndroidManifest.xml:24:22-64
17
18    <uses-feature
18-->[com.google.android.gms:play-services-maps:17.0.1] AndroidManifest.xml:26:5-28:35
19        android:glEsVersion="0x00020000"
19-->[com.google.android.gms:play-services-maps:17.0.1] AndroidManifest.xml:27:9-41
20        android:required="true" />
20-->[com.google.android.gms:play-services-maps:17.0.1] AndroidManifest.xml:28:9-32
21
22    <queries>
22-->[com.google.android.gms:play-services-maps:17.0.1] AndroidManifest.xml:30:5-34:15
23
24        <!-- Needs to be explicitly declared on Android R+ -->
25        <package android:name="com.google.android.apps.maps" />
25-->[com.google.android.gms:play-services-maps:17.0.1] AndroidManifest.xml:33:9-64
25-->[com.google.android.gms:play-services-maps:17.0.1] AndroidManifest.xml:33:18-61
26    </queries>
27
28    <application
28-->src\main\AndroidManifest.xml:8:5-67:19
29        android:allowBackup="true"
29-->src\main\AndroidManifest.xml:9:9-35
30        android:appComponentFactory="androidx.core.app.CoreComponentFactory"
30-->[androidx.core:core:1.7.0] AndroidManifest.xml:24:18-86
31        android:debuggable="true"
32        android:extractNativeLibs="false"
33        android:icon="@drawable/logo"
33-->src\main\AndroidManifest.xml:10:9-38
34        android:label="@string/app_name"
34-->src\main\AndroidManifest.xml:11:9-41
35        android:roundIcon="@drawable/logo"
35-->src\main\AndroidManifest.xml:12:9-43
36        android:supportsRtl="true"
36-->src\main\AndroidManifest.xml:13:9-35
37        android:testOnly="true"
38        android:theme="@style/AppTheme" >
38-->src\main\AndroidManifest.xml:14:9-40
39        <activity
39-->src\main\AndroidManifest.xml:15:9-17:40
40            android:name="com.example.drinksorderapp.aboutUs"
40-->src\main\AndroidManifest.xml:16:13-36
41            android:exported="false" />
41-->src\main\AndroidManifest.xml:17:13-37
42        <!--
43             TODO: Before you run your application, you need a Google Maps API key.
44
45             To get one, follow the directions here:
46
47                https://developers.google.com/maps/documentation/android-sdk/get-api-key
48
49             Once you have your API key (it starts with "AIza"), define a new property in your
50             project's local.properties file (e.g. MAPS_API_KEY=Aiza...), and replace the
51             "YOUR_API_KEY" string in this file with "${MAPS_API_KEY}".
52        -->
53        <meta-data
53-->src\main\AndroidManifest.xml:29:9-31:71
54            android:name="com.google.android.geo.API_KEY"
54-->src\main\AndroidManifest.xml:30:13-58
55            android:value="AIzaSyDjDCZ8kUvlUHcKSXtjUVrmyI1Nc3Pmq38" />
55-->src\main\AndroidManifest.xml:31:13-68
56
57        <activity
57-->src\main\AndroidManifest.xml:33:9-36:62
58            android:name="com.example.drinksorderapp.findUs"
58-->src\main\AndroidManifest.xml:34:13-35
59            android:exported="false"
59-->src\main\AndroidManifest.xml:35:13-37
60            android:label="@string/title_activity_find_us" />
60-->src\main\AndroidManifest.xml:36:13-59
61        <activity
61-->src\main\AndroidManifest.xml:37:9-39:40
62            android:name="com.example.drinksorderapp.LoginActivity"
62-->src\main\AndroidManifest.xml:38:13-42
63            android:exported="false" />
63-->src\main\AndroidManifest.xml:39:13-37
64        <activity
64-->src\main\AndroidManifest.xml:40:9-42:40
65            android:name="com.example.drinksorderapp.MainActivity"
65-->src\main\AndroidManifest.xml:41:13-41
66            android:exported="false" />
66-->src\main\AndroidManifest.xml:42:13-37
67        <activity android:name="com.example.drinksorderapp.LatteActivity" />
67-->src\main\AndroidManifest.xml:43:9-51
67-->src\main\AndroidManifest.xml:43:19-48
68        <activity android:name="com.example.drinksorderapp.SmoothieActivity" />
68-->src\main\AndroidManifest.xml:44:9-54
68-->src\main\AndroidManifest.xml:44:19-51
69        <activity android:name="com.example.drinksorderapp.VanillaActivity" />
69-->src\main\AndroidManifest.xml:45:9-53
69-->src\main\AndroidManifest.xml:45:19-50
70        <activity android:name="com.example.drinksorderapp.CappucinnoActivity" />
70-->src\main\AndroidManifest.xml:46:9-56
70-->src\main\AndroidManifest.xml:46:19-53
71        <activity android:name="com.example.drinksorderapp.ThaiTeaActivity" />
71-->src\main\AndroidManifest.xml:47:9-53
71-->src\main\AndroidManifest.xml:47:19-50
72        <activity android:name="com.example.drinksorderapp.TeaActivity" />
72-->src\main\AndroidManifest.xml:48:9-49
72-->src\main\AndroidManifest.xml:48:19-46
73        <activity android:name="com.example.drinksorderapp.BubbleTeaActivity" />
73-->src\main\AndroidManifest.xml:49:9-55
73-->src\main\AndroidManifest.xml:49:19-52
74        <activity android:name="com.example.drinksorderapp.MatchaActivity" />
74-->src\main\AndroidManifest.xml:50:9-52
74-->src\main\AndroidManifest.xml:50:19-49
75        <activity android:name="com.example.drinksorderapp.SummaryActivity" />
75-->src\main\AndroidManifest.xml:51:9-53
75-->src\main\AndroidManifest.xml:51:19-50
76        <activity android:name="com.example.drinksorderapp.InfoActivity" />
76-->src\main\AndroidManifest.xml:52:9-50
76-->src\main\AndroidManifest.xml:52:19-47
77        <activity
77-->src\main\AndroidManifest.xml:53:9-61:20
78            android:name="com.example.drinksorderapp.RegistrationActivity"
78-->src\main\AndroidManifest.xml:54:13-49
79            android:exported="true" >
79-->src\main\AndroidManifest.xml:55:13-36
80            <intent-filter>
80-->src\main\AndroidManifest.xml:56:13-60:29
81                <action android:name="android.intent.action.MAIN" />
81-->src\main\AndroidManifest.xml:57:17-69
81-->src\main\AndroidManifest.xml:57:25-66
82
83                <category android:name="android.intent.category.LAUNCHER" />
83-->src\main\AndroidManifest.xml:59:17-77
83-->src\main\AndroidManifest.xml:59:27-74
84            </intent-filter>
85        </activity>
86
87        <provider
87-->src\main\AndroidManifest.xml:63:9-66:40
88            android:name="com.example.drinksorderapp.Database.OrderProvider"
88-->src\main\AndroidManifest.xml:64:13-51
89            android:authorities="com.example.drinksorderapp"
89-->src\main\AndroidManifest.xml:65:13-61
90            android:exported="false" />
90-->src\main\AndroidManifest.xml:66:13-37
91        <!-- Needs to be explicitly declared on P+ -->
92        <uses-library
92-->[com.google.android.gms:play-services-maps:17.0.1] AndroidManifest.xml:39:9-41:40
93            android:name="org.apache.http.legacy"
93-->[com.google.android.gms:play-services-maps:17.0.1] AndroidManifest.xml:40:13-50
94            android:required="false" />
94-->[com.google.android.gms:play-services-maps:17.0.1] AndroidManifest.xml:41:13-37
95
96        <activity
96-->[com.google.android.gms:play-services-base:17.0.0] AndroidManifest.xml:23:9-26:75
97            android:name="com.google.android.gms.common.api.GoogleApiActivity"
97-->[com.google.android.gms:play-services-base:17.0.0] AndroidManifest.xml:24:13-79
98            android:exported="false"
98-->[com.google.android.gms:play-services-base:17.0.0] AndroidManifest.xml:25:13-37
99            android:theme="@android:style/Theme.Translucent.NoTitleBar" />
99-->[com.google.android.gms:play-services-base:17.0.0] AndroidManifest.xml:26:13-72
100
101        <meta-data
101-->[com.google.android.gms:play-services-basement:17.0.0] AndroidManifest.xml:23:9-25:69
102            android:name="com.google.android.gms.version"
102-->[com.google.android.gms:play-services-basement:17.0.0] AndroidManifest.xml:24:13-58
103            android:value="@integer/google_play_services_version" />
103-->[com.google.android.gms:play-services-basement:17.0.0] AndroidManifest.xml:25:13-66
104
105        <provider
105-->[androidx.emoji2:emoji2:1.0.0] AndroidManifest.xml:26:9-34:20
106            android:name="androidx.startup.InitializationProvider"
106-->[androidx.emoji2:emoji2:1.0.0] AndroidManifest.xml:27:13-67
107            android:authorities="com.example.drinksorderapp.androidx-startup"
107-->[androidx.emoji2:emoji2:1.0.0] AndroidManifest.xml:28:13-68
108            android:exported="false" >
108-->[androidx.emoji2:emoji2:1.0.0] AndroidManifest.xml:29:13-37
109            <meta-data
109-->[androidx.emoji2:emoji2:1.0.0] AndroidManifest.xml:31:13-33:52
110                android:name="androidx.emoji2.text.EmojiCompatInitializer"
110-->[androidx.emoji2:emoji2:1.0.0] AndroidManifest.xml:32:17-75
111                android:value="androidx.startup" />
111-->[androidx.emoji2:emoji2:1.0.0] AndroidManifest.xml:33:17-49
112            <meta-data
112-->[androidx.lifecycle:lifecycle-process:2.4.0] AndroidManifest.xml:31:13-33:52
113                android:name="androidx.lifecycle.ProcessLifecycleInitializer"
113-->[androidx.lifecycle:lifecycle-process:2.4.0] AndroidManifest.xml:32:17-78
114                android:value="androidx.startup" />
114-->[androidx.lifecycle:lifecycle-process:2.4.0] AndroidManifest.xml:33:17-49
115        </provider>
116    </application>
117
118</manifest>